0 info it worked if it ends with ok
1 verbose cli [ 'D:\\Node\\node.exe',
1 verbose cli   'D:\\Node\\node_modules\\npm\\bin\\npm-cli.js',
1 verbose cli   'run',
1 verbose cli   'a',
1 verbose cli   '--watch',
1 verbose cli   './data.json' ]
2 info using npm@3.10.10
3 info using node@v6.11.2
4 verbose run-script [ 'prea', 'a', 'posta' ]
5 info lifecycle 03_mint-ui@1.0.0~prea: 03_mint-ui@1.0.0
6 silly lifecycle 03_mint-ui@1.0.0~prea: no script for prea, continuing
7 info lifecycle 03_mint-ui@1.0.0~a: 03_mint-ui@1.0.0
8 verbose lifecycle 03_mint-ui@1.0.0~a: unsafe-perm in lifecycle true
9 verbose lifecycle 03_mint-ui@1.0.0~a: PATH: D:\Node\node_modules\npm\bin\node-gyp-bin;C:\Users\lei\Desktop\vue\test\05\node_modules\.bin;C:\Program Files (x86)\Intel\iCLS Client\;C:\Program Files\Intel\iCLS Client\;C:\Windows\system32;C:\Windows;C:\Windows\System32\Wbem;C:\Windows\System32\WindowsPowerShell\v1.0\;C:\Program Files (x86)\Intel\Intel(R) Management Engine Components\DAL;C:\Program Files\Intel\Intel(R) Management Engine Components\DAL;C:\Program Files (x86)\Intel\Intel(R) Management Engine Components\IPT;C:\Program Files\Intel\Intel(R) Management Engine Components\IPT;C:\Program Files (x86)\NVIDIA Corporation\PhysX\Common;C:\WINDOWS\system32;C:\WINDOWS;C:\WINDOWS\System32\Wbem;C:\WINDOWS\System32\WindowsPowerShell\v1.0\;E:\Git\Git\cmd;D:\Node\;C:\Users\lei\Desktop\vue\test\02\node_modules;C:\Users\lei\AppData\Local\Microsoft\WindowsApps;D:\MySQL\mysql\bin;C:\Users\lei\AppData\Local\GitHubDesktop\bin;C:\Users\lei\AppData\Roaming\npm;D:\VScode\Microsoft VS Code\bin
10 verbose lifecycle 03_mint-ui@1.0.0~a: CWD: C:\Users\lei\Desktop\vue\test\05
11 silly lifecycle 03_mint-ui@1.0.0~a: Args: [ '/d /s /c', 'json-server "./data.json"' ]
12 verbose stack Error: kill ENOSYS
12 verbose stack     at exports._errnoException (util.js:1020:11)
12 verbose stack     at process.kill (internal/process.js:190:13)
12 verbose stack     at process.listener (D:\Node\node_modules\npm\node_modules\npmlog\node_modules\gauge\node_modules\signal-exit\index.js:86:15)
12 verbose stack     at emitNone (events.js:91:20)
12 verbose stack     at process.emit (events.js:185:7)
12 verbose stack     at processEmit (D:\Node\node_modules\npm\node_modules\npmlog\node_modules\gauge\node_modules\signal-exit\index.js:146:32)
12 verbose stack     at processEmit (D:\Node\node_modules\npm\node_modules\npm-registry-client\node_modules\npmlog\node_modules\gauge\node_modules\signal-exit\index.js:146:32)
12 verbose stack     at Signal.wrap.onsignal (internal/process.js:217:44)
13 verbose cwd C:\Users\lei\Desktop\vue\test\05
14 error Windows_NT 10.0.15063
15 error argv "D:\\Node\\node.exe" "D:\\Node\\node_modules\\npm\\bin\\npm-cli.js" "run" "a" "--watch" "./data.json"
16 error node v6.11.2
17 error npm  v3.10.10
18 error code ENOSYS
19 error errno ENOSYS
20 error syscall kill
21 error kill ENOSYS
22 error If you need help, you may report this error at:
22 error     <https://github.com/npm/npm/issues>
23 verbose exit [ 1, true ]
